============================= test session starts ==============================
platform linux -- Python 3.9.12, pytest-7.1.3, pluggy-1.0.0 -- /home/ryzhkov/avito/aaa-final-task/venv/bin/python
cachedir: .pytest_cache
rootdir: /home/ryzhkov/avito/aaa-final-task
collecting ... collected 17 items

cli_test.py::test_order[pepperoni] PASSED                                [  5%]
cli_test.py::test_order[margherita] PASSED                               [ 11%]
cli_test.py::test_order[hawaiian] PASSED                                 [ 17%]
cli_test.py::test_order_with_delivery[pepperoni] PASSED                  [ 23%]
cli_test.py::test_order_with_delivery[margherita] PASSED                 [ 29%]
cli_test.py::test_order_with_delivery[hawaiian] PASSED                   [ 35%]
cli_test.py::test_wrong_order[hamburger] PASSED                          [ 41%]
cli_test.py::test_wrong_order[ice-cream] PASSED                          [ 47%]
cli_test.py::test_menu[menu] PASSED                                      [ 52%]
pizza_test.py::TestPizza::test_str PASSED                                [ 58%]
pizza_test.py::TestPizza::test_size_setter PASSED                        [ 64%]
pizza_test.py::TestPizza::test_dict_keys PASSED                          [ 70%]
pizza_test.py::TestPizza::test_dict PASSED                               [ 76%]
pizza_test.py::TestPizza::test_eq PASSED                                 [ 82%]
pizza_test.py::TestPizza::test_ne PASSED                                 [ 88%]
pizza_test.py::TestEmojiMixin::test_str PASSED                           [ 94%]
pizza_test.py::TestEmojiMixin::test_name PASSED                          [100%]

============================== 17 passed in 0.04s ==============================
